TRACE 2016/03/25 14:25:44.188403 config.go:100: .shipped directory already exists
TRACE 2016/03/25 14:25:44.188403 config.go:109: Config file .shipped/shipped.ini already exists in C:\Users\user
TRACE 2016/03/25 14:25:44.188903 config.go:139: Using config file C:\Users\user\.shipped\shipped.ini
TRACE 2016/03/25 14:25:44.188903 main.go:172: CLI start directory is c:\Users\user\Documents\ss\ss
TRACE 2016/03/25 14:25:44.188903 config.go:139: Using config file c:\Users\user\Documents\ss\ss\.shipped\shipped.ini
TRACE 2016/03/25 14:25:44.189403 config.go:148: Also using project config file c:\Users\user\Documents\ss\.shipped\shipped.ini
TRACE 2016/03/25 14:25:44.189403 config.go:158: Also using home config file C:\Users\user\.shipped\shipped.ini
TRACE 2016/03/25 14:25:44.203905 utils.go:98: Console width is 80; help width is 79
TRACE 2016/03/25 14:25:44.203905 main.go:137: Shipped-cli 1.0 b139 20160219 170955 starting with args struct { BootLogfile string; ConfigFile string; ConsoleMode bool; Debug bool; Expanded bool; FastBootstrap bool; Force bool; Full bool; Help bool; Json bool; Latest bool; LocalDocker bool; Logfile string; MockSDKClient bool; OutputFields string; RunAsRootOK bool; ShippedHome string; ShowVersion bool; Server string; Token string; VM string; ObjType string; Command string; Arguments []string }{BootLogfile:"", ConfigFile:"", ConsoleMode:false, Debug:false, Expanded:true, FastBootstrap:false, Force:false, Full:false, Help:false, Json:false, Latest:false, LocalDocker:false, Logfile:"c:\\Users\\user\\Documents\\ss\\ss\\shipped-cli.log", MockSDKClient:false, OutputFields:"", RunAsRootOK:false, ShippedHome:"", ShowVersion:false, Server:"https://api.ciscoshipped.io", Token:"yzSPluPTzGwAjgPEbdasoeIvuCArwzQj", VM:"vagrant", ObjType:"local", Command:"reload", Arguments:[]string{"ss"}}
TRACE 2016/03/25 14:25:44.203905 commands.go:92: Running command(local) subcommand(reload) args([]string{"ss"}) help(false)
TRACE 2016/03/25 14:25:44.203905 commands.go:160: objDesc.Name = "Local"
TRACE 2016/03/25 14:25:44.203905 client.go:114: GET https://api.ciscoshipped.io/projects?api_token=yzSPluPTzGwAjgPEbdasoeIvuCArwzQj
TRACE 2016/03/25 14:25:45.510571 client.go:159: Request status code 401 (401 Unauthorized)
ERROR 2016/03/25 14:25:45.513572 uuidParser.go:260: Get of projectId failed: Error 401 Unauthorized - API token invalid
ERROR 2016/03/25 14:25:45.517072 commands.go:98: Local Reload: Argument argument projectId is invalid: no projectId found matching ss
TRACE 2016/03/25 14:26:22.184728 config.go:100: .shipped directory already exists
TRACE 2016/03/25 14:26:22.185228 config.go:109: Config file .shipped/shipped.ini already exists in C:\Users\user
TRACE 2016/03/25 14:26:22.185228 config.go:139: Using config file C:\Users\user\.shipped\shipped.ini
TRACE 2016/03/25 14:26:22.185728 config.go:189: Set value apiToken=eXgJUtPWriebVZVOtLmhSzHMRZWosDtS in C:\Users\user\.shipped\shipped.ini
TRACE 2016/03/25 14:26:22.186228 main.go:172: CLI start directory is c:\Users\user\Documents\ss\ss
TRACE 2016/03/25 14:26:22.186228 config.go:139: Using config file c:\Users\user\Documents\ss\ss\.shipped\shipped.ini
TRACE 2016/03/25 14:26:22.186228 config.go:148: Also using project config file c:\Users\user\Documents\ss\.shipped\shipped.ini
TRACE 2016/03/25 14:26:22.186228 config.go:158: Also using home config file C:\Users\user\.shipped\shipped.ini
TRACE 2016/03/25 14:26:22.201730 utils.go:98: Console width is 80; help width is 79
TRACE 2016/03/25 14:26:22.201730 main.go:137: Shipped-cli 1.0 b139 20160219 170955 starting with args struct { BootLogfile string; ConfigFile string; ConsoleMode bool; Debug bool; Expanded bool; FastBootstrap bool; Force bool; Full bool; Help bool; Json bool; Latest bool; LocalDocker bool; Logfile string; MockSDKClient bool; OutputFields string; RunAsRootOK bool; ShippedHome string; ShowVersion bool; Server string; Token string; VM string; ObjType string; Command string; Arguments []string }{BootLogfile:"", ConfigFile:"", ConsoleMode:false, Debug:false, Expanded:true, FastBootstrap:false, Force:false, Full:false, Help:false, Json:false, Latest:false, LocalDocker:false, Logfile:"c:\\Users\\user\\Documents\\ss\\ss\\shipped-cli.log", MockSDKClient:false, OutputFields:"", RunAsRootOK:false, ShippedHome:"", ShowVersion:false, Server:"https://api.ciscoshipped.io", Token:"eXgJUtPWriebVZVOtLmhSzHMRZWosDtS", VM:"vagrant", ObjType:"local", Command:"reload", Arguments:[]string{"ss"}}
TRACE 2016/03/25 14:26:22.201730 commands.go:92: Running command(local) subcommand(reload) args([]string{"ss"}) help(false)
TRACE 2016/03/25 14:26:22.201730 commands.go:160: objDesc.Name = "Local"
TRACE 2016/03/25 14:26:22.201730 client.go:114: GET https://api.ciscoshipped.io/projects?api_token=eXgJUtPWriebVZVOtLmhSzHMRZWosDtS
TRACE 2016/03/25 14:26:23.322873 client.go:159: Request status code 200 (200 OK)
ERROR 2016/03/25 14:26:23.330374 commands.go:98: Local Reload: Argument argument projectId is invalid: no projectId found matching ss
TRACE 2016/03/25 14:27:15.636516 config.go:100: .shipped directory already exists
TRACE 2016/03/25 14:27:15.637016 config.go:109: Config file .shipped/shipped.ini already exists in C:\Users\user
TRACE 2016/03/25 14:27:15.637016 config.go:139: Using config file C:\Users\user\.shipped\shipped.ini
TRACE 2016/03/25 14:27:15.637516 config.go:189: Set value apiToken=eXgJUtPWriebVZVOtLmhSzHMRZWosDtS in C:\Users\user\.shipped\shipped.ini
TRACE 2016/03/25 14:27:15.637516 main.go:172: CLI start directory is c:\Users\user\Documents\ss\ss
TRACE 2016/03/25 14:27:15.638016 config.go:139: Using config file c:\Users\user\Documents\ss\ss\.shipped\shipped.ini
TRACE 2016/03/25 14:27:15.638016 config.go:148: Also using project config file c:\Users\user\Documents\ss\.shipped\shipped.ini
TRACE 2016/03/25 14:27:15.638016 config.go:158: Also using home config file C:\Users\user\.shipped\shipped.ini
TRACE 2016/03/25 14:27:15.658018 utils.go:98: Console width is 80; help width is 79
TRACE 2016/03/25 14:27:15.658018 main.go:137: Shipped-cli 1.0 b139 20160219 170955 starting with args struct { BootLogfile string; ConfigFile string; ConsoleMode bool; Debug bool; Expanded bool; FastBootstrap bool; Force bool; Full bool; Help bool; Json bool; Latest bool; LocalDocker bool; Logfile string; MockSDKClient bool; OutputFields string; RunAsRootOK bool; ShippedHome string; ShowVersion bool; Server string; Token string; VM string; ObjType string; Command string; Arguments []string }{BootLogfile:"", ConfigFile:"", ConsoleMode:false, Debug:false, Expanded:true, FastBootstrap:false, Force:false, Full:false, Help:false, Json:false, Latest:false, LocalDocker:false, Logfile:"c:\\Users\\user\\Documents\\ss\\ss\\shipped-cli.log", MockSDKClient:false, OutputFields:"", RunAsRootOK:false, ShippedHome:"", ShowVersion:false, Server:"https://api.ciscoshipped.io/", Token:"eXgJUtPWriebVZVOtLmhSzHMRZWosDtS", VM:"vagrant", ObjType:"Local", Command:"bootstrap", Arguments:[]string{"68d3ec16-f200-11e5-8e16-0242ac110240"}}
TRACE 2016/03/25 14:27:15.658018 commands.go:92: Running command(Local) subcommand(bootstrap) args([]string{"68d3ec16-f200-11e5-8e16-0242ac110240"}) help(false)
TRACE 2016/03/25 14:27:15.658018 commands.go:160: objDesc.Name = "Local"
TRACE 2016/03/25 14:27:15.658018 local.go:275: Starting LocalService.Bootstrap()
TRACE 2016/03/25 14:27:15.658018 projects.go:273: Directory  contains a .shipped directory
TRACE 2016/03/25 14:27:15.658518 projects.go:273: Directory c:\Users\user\Documents\ss contains a .shipped directory
TRACE 2016/03/25 14:27:15.658518 projects.go:309: Changed to project directory c:\Users\user\Documents
TRACE 2016/03/25 14:27:15.658518 config.go:134: Can't find config file c:\Users\user\Documents\.shipped\shipped.ini (open c:\Users\user\Documents\.shipped\shipped.ini: The system cannot find the path specified.)
TRACE 2016/03/25 14:27:15.658518 client.go:114: GET https://api.ciscoshipped.io/projects/68d3ec16-f200-11e5-8e16-0242ac110240?api_token=eXgJUtPWriebVZVOtLmhSzHMRZWosDtS
TRACE 2016/03/25 14:27:16.749157 client.go:159: Request status code 200 (200 OK)
TRACE 2016/03/25 14:27:16.749157 client.go:114: GET https://api.ciscoshipped.io/projects/68d3ec16-f200-11e5-8e16-0242ac110240/services?api_token=eXgJUtPWriebVZVOtLmhSzHMRZWosDtS
TRACE 2016/03/25 14:27:17.756285 client.go:159: Request status code 200 (200 OK)
TRACE 2016/03/25 14:27:17.757285 common.go:67: Project 68d3ec16-f200-11e5-8e16-0242ac110240 (ss) has 1 services
TRACE 2016/03/25 14:27:17.757285 bootstrap.go:62: Starting bootstrap on server(https://api.ciscoshipped.io/) for project(68d3ec16-f200-11e5-8e16-0242ac110240) with token(eXgJUtPWriebVZVOtLmhSzHMRZWosDtS)
TRACE 2016/03/25 14:27:17.757285 bootstrap.go:69: Obtaining platform-specific deployer...
TRACE 2016/03/25 14:27:17.758285 command.go:23: Executing command: cmd /C ver
TRACE 2016/03/25 14:27:17.772787 windeployer.go:427: Detected Microsoft Windows [Version 6.1.7600] (6.100000)
TRACE 2016/03/25 14:27:17.773787 bootstrap.go:77: Starting pre-verification...
TRACE 2016/03/25 14:27:17.773787 client.go:114: POST https://api.ciscoshipped.io/cli/68d3ec16-f200-11e5-8e16-0242ac110240/status/project_init?api_token=eXgJUtPWriebVZVOtLmhSzHMRZWosDtS
TRACE 2016/03/25 14:27:18.754412 client.go:159: Request status code 200 (200 OK)
TRACE 2016/03/25 14:27:18.754412 common.go:30: Pre-Verification Start
TRACE 2016/03/25 14:27:18.758912 common.go:36: Pre-Verification End
TRACE 2016/03/25 14:27:18.758912 windeployer.go:379: git Installation check
TRACE 2016/03/25 14:27:18.762413 command.go:59: Executing command: git --version
TRACE 2016/03/25 14:27:18.816419 deployer.go:225: git version 2.7.2.windows.1
TRACE 2016/03/25 14:27:18.823420 windeployer.go:379: git Installation check
TRACE 2016/03/25 14:27:18.825421 command.go:59: Executing command: git --version
TRACE 2016/03/25 14:27:18.857925 deployer.go:225: git version 2.7.2.windows.1
2016/03/25 14:27:18.865926 deployer.go:100: git 2.7.2 is already installed.
TRACE 2016/03/25 14:27:18.865926 windeployer.go:379: git Installation check
TRACE 2016/03/25 14:27:18.867926 command.go:59: Executing command: git --version
TRACE 2016/03/25 14:27:18.896930 deployer.go:225: git version 2.7.2.windows.1
TRACE 2016/03/25 14:27:18.905431 windeployer.go:379: git-credential-manager Installation check
TRACE 2016/03/25 14:27:18.905431 command.go:59: Executing command: C:\Program Files\Git\mingw64\libexec\git-core\git-credential-manager.exe version
TRACE 2016/03/25 14:27:18.979440 deployer.go:225: Git Credential Manager for Windows version 1.0.0
2016/03/25 14:27:18.988441 windeployer.go:146: Git Credential Manager for Windows 1.0.0 is already installed
TRACE 2016/03/25 14:27:18.990942 command.go:23: Executing command: git config --global credential.helper manager
TRACE 2016/03/25 14:27:19.042948 command.go:23: Executing command: git config --global credential.modalprompt true
TRACE 2016/03/25 14:27:19.101456 command.go:23: Executing command: git config --global --list
2016/03/25 14:27:19.144961 bootstrap.go:317: ============================================================
2016/03/25 14:27:19.146461 bootstrap.go:318: Check prerequisite software
2016/03/25 14:27:19.147462 bootstrap.go:319: ============================================================
TRACE 2016/03/25 14:27:19.147462 windeployer.go:379: virtualbox Installation check
TRACE 2016/03/25 14:27:19.147462 command.go:59: Executing command: C:\Program Files\Oracle\VirtualBox\vboxmanage.exe --version
TRACE 2016/03/25 14:27:19.162463 deployer.go:225: 5.0.14r105127
2016/03/25 14:27:19.169964 windeployer.go:226: virtualbox 5.0.14r105127 is already installed.
TRACE 2016/03/25 14:27:19.169964 client.go:114: POST https://api.ciscoshipped.io/cli/68d3ec16-f200-11e5-8e16-0242ac110240/status/install_vbox?api_token=eXgJUtPWriebVZVOtLmhSzHMRZWosDtS
TRACE 2016/03/25 14:27:20.153589 client.go:159: Request status code 200 (200 OK)
TRACE 2016/03/25 14:27:20.153589 windeployer.go:379: vagrant Installation check
TRACE 2016/03/25 14:27:20.156090 command.go:59: Executing command: vagrant --version
TRACE 2016/03/25 14:27:20.659153 deployer.go:225: Vagrant 1.8.1
2016/03/25 14:27:20.678656 deployer.go:100: vagrant 1.8.1 is already installed.
TRACE 2016/03/25 14:27:20.678656 client.go:114: POST https://api.ciscoshipped.io/cli/68d3ec16-f200-11e5-8e16-0242ac110240/status/install_vagrant?api_token=eXgJUtPWriebVZVOtLmhSzHMRZWosDtS
TRACE 2016/03/25 14:27:21.660281 client.go:159: Request status code 200 (200 OK)
2016/03/25 14:27:21.661281 bootstrap.go:317: ============================================================
2016/03/25 14:27:21.662781 bootstrap.go:318: Cloning Repositories
2016/03/25 14:27:21.663781 bootstrap.go:319: ============================================================
TRACE 2016/03/25 14:27:21.663781 common.go:109: Cloning Repositories Start
TRACE 2016/03/25 14:27:21.663781 config.go:100: .shipped directory already exists
TRACE 2016/03/25 14:27:21.663781 config.go:109: Config file .shipped/shipped.ini already exists in c:\Users\user\Documents\ss
TRACE 2016/03/25 14:27:21.664281 config.go:139: Using config file c:\Users\user\Documents\ss\.shipped\shipped.ini
TRACE 2016/03/25 14:27:21.664781 config.go:158: Also using home config file C:\Users\user\.shipped\shipped.ini
TRACE 2016/03/25 14:27:21.664781 config.go:189: Set value projectId=68d3ec16-f200-11e5-8e16-0242ac110240 in c:\Users\user\Documents\ss\.shipped\shipped.ini
TRACE 2016/03/25 14:27:21.664781 config.go:189: Set value projectName=ss in c:\Users\user\Documents\ss\.shipped\shipped.ini
TRACE 2016/03/25 14:27:21.664781 common.go:216: Created ss/.shipped/shipped.ini with projectId=68d3ec16-f200-11e5-8e16-0242ac110240 and projectName=ss
TRACE 2016/03/25 14:27:21.665281 config.go:134: Can't find config file c:\Users\user\Documents\.shipped\shipped.ini (open c:\Users\user\Documents\.shipped\shipped.ini: The system cannot find the path specified.)
2016/03/25 14:27:21.666781 common.go:158: Looks like service 1 ss is already cloned - found .git directory in c:\Users\user\Documents\ss\ss
TRACE 2016/03/25 14:27:21.666781 common.go:196: Cloning Repositories End
2016/03/25 14:27:21.668782 bootstrap.go:317: ============================================================
2016/03/25 14:27:21.670282 bootstrap.go:318: Download Configuration
2016/03/25 14:27:21.671782 bootstrap.go:319: ============================================================
TRACE 2016/03/25 14:27:21.671782 common.go:260: downloadScripts URL: https://api.ciscoshipped.io//cli/68d3ec16-f200-11e5-8e16-0242ac110240
TRACE 2016/03/25 14:27:21.672282 download.go:70: Starting download of https://api.ciscoshipped.io//cli/68d3ec16-f200-11e5-8e16-0242ac110240/Vagrantfile?api_token=eXgJUtPWriebVZVOtLmhSzHMRZWosDtS to ss/.shipped/Vagrantfile
TRACE 2016/03/25 14:27:22.893937 download.go:107: Download of Vagrantfile complete; -1 bytes downloaded.
TRACE 2016/03/25 14:27:22.893937 download.go:70: Starting download of https://api.ciscoshipped.io//cli/68d3ec16-f200-11e5-8e16-0242ac110240/docker-compose.yml?api_token=eXgJUtPWriebVZVOtLmhSzHMRZWosDtS to ss/.shipped/docker-compose.yml
TRACE 2016/03/25 14:27:23.378999 download.go:107: Download of docker-compose.yml complete; 234 bytes downloaded.
TRACE 2016/03/25 14:27:23.379999 common.go:455: Created Vagrantfile.LocalDocker
TRACE 2016/03/25 14:27:23.387000 command.go:59: Executing command: git -C ss/ss reset .
2016/03/25 14:27:23.425005 util.go:97: Unstaged changes after reset:
2016/03/25 14:27:23.426505 util.go:97: M	.shipped/build
2016/03/25 14:27:23.428005 util.go:97: M	.shipped/run
2016/03/25 14:27:23.429505 util.go:97: M	.shipped/test
2016/03/25 14:27:23.431005 util.go:97: M	Dockerfile
2016/03/25 14:27:23.433006 util.go:97: M	README.md
TRACE 2016/03/25 14:27:23.434006 download.go:70: Starting download of https://api.ciscoshipped.io//cli/68d3ec16-f200-11e5-8e16-0242ac110240/8cb23ab6-f2bf-11e5-8ea1-0242ac110240/drone.sec?api_token=eXgJUtPWriebVZVOtLmhSzHMRZWosDtS to ss/ss/.drone.sec
2016/03/25 14:27:23.434506 util.go:97: M	index.js
2016/03/25 14:27:23.435006 util.go:97: M	package.json
TRACE 2016/03/25 14:27:23.928069 download.go:107: Download of .drone.sec complete; -1 bytes downloaded.
TRACE 2016/03/25 14:27:23.930069 command.go:59: Executing command: git -C ss/ss add .drone.sec
TRACE 2016/03/25 14:27:23.991577 command.go:59: Executing command: git -C ss/ss commit -m **Shipped -- Add Drone Configuration
2016/03/25 14:27:24.060085 util.go:97: [master b56f239] **Shipped -- Add Drone Configuration
2016/03/25 14:27:24.061085 util.go:97:  1 file changed, 1 insertion(+), 1 deletion(-)
2016/03/25 14:27:24.062086 util.go:97:  rewrite .drone.sec (100%)
2016/03/25 14:27:24.068586 common.go:379: Verifed all configuration files for project
TRACE 2016/03/25 14:27:24.068586 client.go:114: POST https://api.ciscoshipped.io/cli/68d3ec16-f200-11e5-8e16-0242ac110240/status/download_cli?api_token=eXgJUtPWriebVZVOtLmhSzHMRZWosDtS
TRACE 2016/03/25 14:27:24.326119 client.go:159: Request status code 200 (200 OK)
2016/03/25 14:27:24.327119 bootstrap.go:317: ============================================================
2016/03/25 14:27:24.328119 bootstrap.go:318: Bootstrap Sandbox VM
2016/03/25 14:27:24.328619 bootstrap.go:319: ============================================================
TRACE 2016/03/25 14:27:24.328619 util.go:62: Changed directory to ss/.shipped
TRACE 2016/03/25 14:27:24.331120 command.go:23: Executing command: vagrant status
TRACE 2016/03/25 14:27:27.867569 vagrantUp.go:75: Bringing up virtual machine
TRACE 2016/03/25 14:27:27.871069 command.go:59: Executing command: vagrant up --no-parallel --provider=docker
2016/03/25 14:27:30.486901 vagrantUp.go:122: [0mBringing machine 'ss' up with 'docker' provider...[0m
2016/03/25 14:27:30.555910 vagrantUp.go:122: [1m==> ss: Docker host is required. One will be created if necessary...[0m
2016/03/25 14:27:30.558911 vagrantUp.go:122: [0m    ss: Vagrant will now create or start a local VM to act as the Docker
2016/03/25 14:27:30.559911 vagrantUp.go:122:     ss: host. You'll see the output of the `vagrant up` for this VM below.[0m
2016/03/25 14:27:30.560411 vagrantUp.go:122: [0m    ss:  [0m
2016/03/25 14:27:30.812443 vagrantUp.go:122: [0m    dockerhost-68d3ec16-f200-11e5-8e16-0242ac110240: Importing base box 'CiscoCloud/boot2docker'...[0m
2016/03/25 14:27:38.426410 vagrantUp.go:122: [0m
2016/03/25 14:27:38.426910 vagrantUp.go:122: [K[0m
2016/03/25 14:27:38.590931 vagrantUp.go:122: [0m    dockerhost-68d3ec16-f200-11e5-8e16-0242ac110240: Matching MAC address for NAT networking...[0m
2016/03/25 14:27:39.697571 vagrantUp.go:122: [0m    dockerhost-68d3ec16-f200-11e5-8e16-0242ac110240: Setting the name of the VM: dockerhost-68d3ec16-f200-11e5-8e16-0242ac110240[0m
TRACE 2016/03/25 14:27:41.892350 vagrantUp.go:105: Found port collision: deployed(2735) configured(2200) ([0m    dockerhost-68d3ec16-f200-11e5-8e16-0242ac110240: Fixed port collision for 2735 => 2375. Now on port 2200.[0m)
2016/03/25 14:27:41.894350 vagrantUp.go:122: [0m    dockerhost-68d3ec16-f200-11e5-8e16-0242ac110240: Fixed port collision for 2735 => 2375. Now on port 2200.[0m
TRACE 2016/03/25 14:27:42.895977 vagrantUp.go:105: Found port collision: deployed(33000) configured(2201) ([0m    dockerhost-68d3ec16-f200-11e5-8e16-0242ac110240: Fixed port collision for 33000 => 33000. Now on port 2201.[0m)
2016/03/25 14:27:42.897477 vagrantUp.go:122: [0m    dockerhost-68d3ec16-f200-11e5-8e16-0242ac110240: Fixed port collision for 33000 => 33000. Now on port 2201.[0m
TRACE 2016/03/25 14:27:43.904105 vagrantUp.go:105: Found port collision: deployed(22) configured(2202) ([0m    dockerhost-68d3ec16-f200-11e5-8e16-0242ac110240: Fixed port collision for 22 => 2222. Now on port 2202.[0m)
2016/03/25 14:27:43.905605 vagrantUp.go:122: [0m    dockerhost-68d3ec16-f200-11e5-8e16-0242ac110240: Fixed port collision for 22 => 2222. Now on port 2202.[0m
2016/03/25 14:27:43.949611 vagrantUp.go:122: [0m    dockerhost-68d3ec16-f200-11e5-8e16-0242ac110240: Clearing any previously set network interfaces...[0m
2016/03/25 14:27:44.131134 vagrantUp.go:122: [0m    dockerhost-68d3ec16-f200-11e5-8e16-0242ac110240: Preparing network interfaces based on configuration...[0m
2016/03/25 14:27:44.132134 vagrantUp.go:122: [0m    dockerhost-68d3ec16-f200-11e5-8e16-0242ac110240: Adapter 1: nat[0m
2016/03/25 14:27:44.254650 vagrantUp.go:122: [0m    dockerhost-68d3ec16-f200-11e5-8e16-0242ac110240: Forwarding ports...[0m
2016/03/25 14:27:44.392667 vagrantUp.go:122: [0m    dockerhost-68d3ec16-f200-11e5-8e16-0242ac110240: 2735 (guest) => 2200 (host) (adapter 1)[0m
2016/03/25 14:27:44.393667 vagrantUp.go:122: [0m    dockerhost-68d3ec16-f200-11e5-8e16-0242ac110240: 33000 (guest) => 2201 (host) (adapter 1)[0m
2016/03/25 14:27:44.395168 vagrantUp.go:122: [0m    dockerhost-68d3ec16-f200-11e5-8e16-0242ac110240: 22 (guest) => 2202 (host) (adapter 1)[0m
2016/03/25 14:27:44.921234 vagrantUp.go:122: [0m    dockerhost-68d3ec16-f200-11e5-8e16-0242ac110240: Running 'pre-boot' VM customizations...[0m
2016/03/25 14:27:45.249776 vagrantUp.go:122: [0m    dockerhost-68d3ec16-f200-11e5-8e16-0242ac110240: Booting VM...[0m
2016/03/25 14:27:47.860608 vagrantUp.go:122: [0m    dockerhost-68d3ec16-f200-11e5-8e16-0242ac110240: Waiting for machine to boot. This may take a few minutes...[0m
2016/03/25 14:27:48.185649 vagrantUp.go:122: [0m    dockerhost-68d3ec16-f200-11e5-8e16-0242ac110240: SSH address: 127.0.0.1:2202[0m
2016/03/25 14:27:48.186649 vagrantUp.go:122: [0m    dockerhost-68d3ec16-f200-11e5-8e16-0242ac110240: SSH username: docker[0m
2016/03/25 14:27:48.188149 vagrantUp.go:122: [0m    dockerhost-68d3ec16-f200-11e5-8e16-0242ac110240: SSH auth method: password[0m
2016/03/25 14:28:12.193698 vagrantUp.go:122: [0m    dockerhost-68d3ec16-f200-11e5-8e16-0242ac110240: 
2016/03/25 14:28:12.195198 vagrantUp.go:122:     dockerhost-68d3ec16-f200-11e5-8e16-0242ac110240: Inserting generated public key within guest...[0m
2016/03/25 14:28:12.455231 vagrantUp.go:122: [0m    dockerhost-68d3ec16-f200-11e5-8e16-0242ac110240: Removing insecure key from the guest if it's present...[0m
2016/03/25 14:28:12.638754 vagrantUp.go:122: [0m    dockerhost-68d3ec16-f200-11e5-8e16-0242ac110240: Key inserted! Disconnecting and reconnecting using new SSH key...[0m
2016/03/25 14:28:13.868410 vagrantUp.go:122: [0m    dockerhost-68d3ec16-f200-11e5-8e16-0242ac110240: Machine booted and ready![0m
2016/03/25 14:28:13.869910 vagrantUp.go:122: [0m    dockerhost-68d3ec16-f200-11e5-8e16-0242ac110240: Checking for guest additions in VM...[0m
2016/03/25 14:28:14.085938 vagrantUp.go:122: [0m    dockerhost-68d3ec16-f200-11e5-8e16-0242ac110240: The guest additions on this VM do not match the installed version of
2016/03/25 14:28:14.087438 vagrantUp.go:122:     dockerhost-68d3ec16-f200-11e5-8e16-0242ac110240: VirtualBox! In most cases this is fine, but in rare cases it can
2016/03/25 14:28:14.087938 vagrantUp.go:122:     dockerhost-68d3ec16-f200-11e5-8e16-0242ac110240: prevent things such as shared folders from working properly. If you see
2016/03/25 14:28:14.088938 vagrantUp.go:122:     dockerhost-68d3ec16-f200-11e5-8e16-0242ac110240: shared folder errors, please make sure the guest additions within the
2016/03/25 14:28:14.090438 vagrantUp.go:122:     dockerhost-68d3ec16-f200-11e5-8e16-0242ac110240: virtual machine match the version of VirtualBox you have installed on
2016/03/25 14:28:14.092439 vagrantUp.go:122:     dockerhost-68d3ec16-f200-11e5-8e16-0242ac110240: your host and reload your VM.
2016/03/25 14:28:14.094439 vagrantUp.go:122:     dockerhost-68d3ec16-f200-11e5-8e16-0242ac110240: 
2016/03/25 14:28:14.095939 vagrantUp.go:122:     dockerhost-68d3ec16-f200-11e5-8e16-0242ac110240: Guest Additions Version: 4.3.28 r100309
2016/03/25 14:28:14.102440 vagrantUp.go:122:     dockerhost-68d3ec16-f200-11e5-8e16-0242ac110240: VirtualBox Version: 5.0[0m
2016/03/25 14:28:14.260460 vagrantUp.go:122: [0m    dockerhost-68d3ec16-f200-11e5-8e16-0242ac110240: Running provisioner: docker...[0m
2016/03/25 14:28:16.306220 vagrantUp.go:122: [1m==> ss: Syncing folders to the host VM...[0m
2016/03/25 14:28:17.237338 vagrantUp.go:122: [0m    dockerhost-68d3ec16-f200-11e5-8e16-0242ac110240: Mounting shared folders...[0m
2016/03/25 14:28:17.238338 vagrantUp.go:122: [0m    dockerhost-68d3ec16-f200-11e5-8e16-0242ac110240: /var/lib/docker/docker_1458934096_75747 => C:/Users/user/Documents/ss/ss[0m
2016/03/25 14:28:18.102448 vagrantUp.go:122: [0m    dockerhost-68d3ec16-f200-11e5-8e16-0242ac110240: /var/lib/docker/docker_1458934096_74769 => C:/Users/user/Documents/ss/.shipped[0m
2016/03/25 14:28:18.955556 vagrantUp.go:122: [0m    dockerhost-68d3ec16-f200-11e5-8e16-0242ac110240: /var/lib/docker/docker_build_dabb341f32aa4decf5355e89313d67cd => C:/Users/user/Documents/ss/ss[0m
2016/03/25 14:28:19.886174 vagrantUp.go:122: [1m==> ss: Building the container from a Dockerfile...[0m
2016/03/25 14:28:21.671401 vagrantUp.go:122: [0m    ss: Sending build context to Docker daemon 557.1 kB[0m
2016/03/25 14:28:21.712406 vagrantUp.go:122: [0m    ss: Sending build context to Docker daemon 1.114 MB[0m
2016/03/25 14:28:21.889929 vagrantUp.go:122: [0m    ss: Sending build context to Docker daemon 1.671 MB[0m
2016/03/25 14:28:22.674028 vagrantUp.go:122: [0m    ss: Sending build context to Docker daemon 2.228 MB[0m
2016/03/25 14:28:23.327111 vagrantUp.go:122: [0m    ss: Sending build context to Docker daemon 2.785 MB[0m
2016/03/25 14:28:23.712160 vagrantUp.go:122: [0m    ss: Sending build context to Docker daemon 3.005 MB[0m
2016/03/25 14:28:23.714160 vagrantUp.go:122: [0m    ss: Sending build context to Docker daemon [0m
2016/03/25 14:28:23.715661 vagrantUp.go:122: [0m    ss: Step 0 : FROM mikejihbe/nodejs-ssh:latest[0m
2016/03/25 14:28:28.670790 vagrantUp.go:122: [0m    ss: latest: Pulling from mikejihbe/nodejs-ssh[0m
2016/03/25 14:28:28.672290 vagrantUp.go:122: [0m    ss: 4c1208b690c6: Pulling fs layer[0m
2016/03/25 14:28:28.673290 vagrantUp.go:122: [0m    ss: 57473080c0a6: Pulling fs layer[0m
2016/03/25 14:28:28.674790 vagrantUp.go:122: [0m    ss: 3a61c2c39101: Pulling fs layer[0m
2016/03/25 14:28:28.675790 vagrantUp.go:122: [0m    ss: a37983a3d402: Pulling fs layer[0m
2016/03/25 14:28:28.676791 vagrantUp.go:122: [0m    ss: a37983a3d402: Pulling fs layer[0m
2016/03/25 14:28:28.678291 vagrantUp.go:122: [0m    ss: a37983a3d402: Layer already being pulled by another client. Waiting.[0m
2016/03/25 14:28:31.530153 vagrantUp.go:122: [0m    ss: a37983a3d402: Verifying Checksum[0m
2016/03/25 14:28:31.533153 vagrantUp.go:122: [0m    ss: a37983a3d402: Download complete[0m
2016/03/25 14:28:31.534153 vagrantUp.go:122: [0m    ss: a37983a3d402: Download complete[0m
2016/03/25 14:31:02.175282 vagrantUp.go:122: [0m    ss: 3a61c2c39101: Verifying Checksum[0m
2016/03/25 14:31:02.177283 vagrantUp.go:122: [0m    ss: 3a61c2c39101: Download complete[0m
2016/03/25 14:53:23.306584 vagrantUp.go:122: [0m    ss: 57473080c0a6: Verifying Checksum[0m
2016/03/25 14:53:23.308085 vagrantUp.go:122: [0m    ss: 57473080c0a6: Download complete[0m
2016/03/25 15:06:41.302917 vagrantUp.go:122: [0m    ss: 4c1208b690c6: Verifying Checksum[0m
2016/03/25 15:06:41.303917 vagrantUp.go:122: [0m    ss: 4c1208b690c6: Download complete[0m
2016/03/25 15:07:16.862933 vagrantUp.go:122: [0m    ss: 4c1208b690c6: Pull complete[0m
2016/03/25 15:07:28.448904 vagrantUp.go:122: [0m    ss: 57473080c0a6: Pull complete[0m
2016/03/25 15:07:30.082111 vagrantUp.go:122: [0m    ss: 3a61c2c39101: Pull complete[0m
2016/03/25 15:07:30.113615 vagrantUp.go:122: [0m    ss: a37983a3d402: Pull complete[0m
2016/03/25 15:07:30.115116 vagrantUp.go:122: [0m    ss: a37983a3d402: Already exists[0m
2016/03/25 15:07:30.117616 vagrantUp.go:122: [0m    ss: Digest: sha256:e3b53560779ff08ed5a684fd80ad0e9c77758dc7539cbc6c1b485d81c5a167e9[0m
2016/03/25 15:07:30.128617 vagrantUp.go:122: [0m    ss: Status: Downloaded newer image for mikejihbe/nodejs-ssh:latest[0m
2016/03/25 15:07:30.131118 vagrantUp.go:122: [0m    ss:  ---> a37983a3d402[0m
2016/03/25 15:07:30.132118 vagrantUp.go:122: [0m    ss: Step 1 : EXPOSE 3000[0m
2016/03/25 15:07:30.164122 vagrantUp.go:122: [0m    ss:  ---> Running in acf02a99d7b6[0m
2016/03/25 15:07:30.184124 vagrantUp.go:122: [0m    ss:  ---> 29282d0205ae[0m
2016/03/25 15:07:30.198126 vagrantUp.go:122: [0m    ss: Removing intermediate container acf02a99d7b6[0m
2016/03/25 15:07:30.199626 vagrantUp.go:122: [0m    ss: Step 2 : WORKDIR /app[0m
2016/03/25 15:07:30.212628 vagrantUp.go:122: [0m    ss:  ---> Running in f452024a9958[0m
2016/03/25 15:07:30.246132 vagrantUp.go:122: [0m    ss:  ---> 970b30498eed[0m
2016/03/25 15:07:30.247132 vagrantUp.go:122: [0m    ss: Removing intermediate container f452024a9958[0m
2016/03/25 15:07:30.248132 vagrantUp.go:122: [0m    ss: Step 3 : COPY . /app[0m
2016/03/25 15:07:30.795202 vagrantUp.go:122: [0m    ss:  ---> f432757c804e[0m
2016/03/25 15:07:30.820205 vagrantUp.go:122: [0m    ss: Removing intermediate container 24fcc2167fc3[0m
2016/03/25 15:07:30.821205 vagrantUp.go:122: [0m    ss: Step 4 : RUN .shipped/build[0m
2016/03/25 15:07:30.843208 vagrantUp.go:122: [0m    ss:  ---> Running in 733001bbf5ce[0m
2016/03/25 15:07:32.394905 vagrantUp.go:122: [0m    ss:  ---> ac3264a5af4b[0m
2016/03/25 15:07:32.405406 vagrantUp.go:122: [0m    ss: Removing intermediate container 733001bbf5ce[0m
2016/03/25 15:07:32.406907 vagrantUp.go:122: [0m    ss: Step 5 : CMD .shipped/run[0m
2016/03/25 15:07:32.427909 vagrantUp.go:122: [0m    ss:  ---> Running in d06dd818a383[0m
2016/03/25 15:07:32.459413 vagrantUp.go:122: [0m    ss:  ---> 3ee33d63fe04[0m
2016/03/25 15:07:32.470415 vagrantUp.go:122: [0m    ss: Removing intermediate container d06dd818a383[0m
2016/03/25 15:07:32.473415 vagrantUp.go:122: [0m    ss: Successfully built 3ee33d63fe04[0m
2016/03/25 15:07:32.494418 vagrantUp.go:122: [0m    ss: 
2016/03/25 15:07:32.494918 vagrantUp.go:122:     ss: Image: 3ee33d63fe04[0m
2016/03/25 15:07:32.881967 vagrantUp.go:122: [1;33m==> ss: Warning: When using a remote Docker host, forwarded ports will NOT be
2016/03/25 15:07:32.882467 vagrantUp.go:122: ==> ss: immediately available on your machine. They will still be forwarded on
2016/03/25 15:07:32.882967 vagrantUp.go:122: ==> ss: the remote machine, however, so if you have a way to access the remote
2016/03/25 15:07:32.883467 vagrantUp.go:122: ==> ss: machine, then you should be able to access those ports there. This is
2016/03/25 15:07:32.883967 vagrantUp.go:122: ==> ss: not an error, it is only an informational message.[0m
2016/03/25 15:07:33.032486 vagrantUp.go:122: [1m==> ss: Creating the container...[0m
2016/03/25 15:07:33.032986 vagrantUp.go:122: [0m    ss:   Name: ss[0m
2016/03/25 15:07:33.033986 vagrantUp.go:122: [0m    ss:  Image: 3ee33d63fe04[0m
2016/03/25 15:07:33.036987 vagrantUp.go:122: [0m    ss: Volume: /var/lib/docker/docker_1458934096_75747:/app[0m
2016/03/25 15:07:33.037987 vagrantUp.go:122: [0m    ss: Volume: /var/lib/docker/docker_1458934096_74769:/vagrant[0m
2016/03/25 15:07:33.038987 vagrantUp.go:122: [0m    ss:   Port: 33000:3000[0m
2016/03/25 15:07:33.267516 vagrantUp.go:122: [0m    ss:  
2016/03/25 15:07:33.268516 vagrantUp.go:122:     ss: Container created: e5047d8309a2004d[0m
2016/03/25 15:07:33.551052 vagrantUp.go:122: [1m==> ss: Starting container...[0m
2016/03/25 15:07:33.979606 vagrantUp.go:122: [1m==> ss: Provisioners will not be run since container doesn't support SSH.[0m
TRACE 2016/03/25 15:07:34.058616 client.go:114: POST https://api.ciscoshipped.io/cli/68d3ec16-f200-11e5-8e16-0242ac110240/status/sandbox_vm_up?api_token=eXgJUtPWriebVZVOtLmhSzHMRZWosDtS
TRACE 2016/03/25 15:07:35.410288 client.go:159: Request status code 200 (200 OK)
TRACE 2016/03/25 15:07:35.410788 client.go:114: POST https://api.ciscoshipped.io/cli/68d3ec16-f200-11e5-8e16-0242ac110240/status/down_buildpack?api_token=eXgJUtPWriebVZVOtLmhSzHMRZWosDtS
TRACE 2016/03/25 15:07:36.406414 client.go:159: Request status code 200 (200 OK)
2016/03/25 15:07:36.407415 bootstrap.go:188: Project ss bootstrap complete
TRACE 2016/03/25 15:07:36.410915 command.go:59: Executing command: vagrant status
TRACE 2016/03/25 15:07:48.254419 config.go:139: Using config file c:\Users\user\Documents\ss\ss\.shipped\shipped.ini
TRACE 2016/03/25 15:07:48.254419 config.go:148: Also using project config file c:\Users\user\Documents\ss\.shipped\shipped.ini
TRACE 2016/03/25 15:07:48.254919 config.go:158: Also using home config file C:\Users\user\.shipped\shipped.ini
2016/03/25 15:07:48.255919 bootstrap.go:317: ============================================================
2016/03/25 15:07:48.258419 bootstrap.go:318: dockerhost-68d3ec16-f200-11e5-8e16-0242ac110240 is running
1 service is running and is available at the web address below
----  ------------  -------  ------   -------------------
Type  Service Name  VM Name  Status   Service Web Address
----  ------------  -------  ------   -------------------
Repo  ss            ss       running  http://localhost:
2016/03/25 15:07:48.259420 bootstrap.go:319: ============================================================
TRACE 2016/03/25 15:07:48.259920 client.go:114: GET https://api.ciscoshipped.io/projects/68d3ec16-f200-11e5-8e16-0242ac110240?api_token=eXgJUtPWriebVZVOtLmhSzHMRZWosDtS
TRACE 2016/03/25 15:07:49.286550 client.go:159: Request status code 200 (200 OK)
TRACE 2016/03/25 15:07:49.287050 config.go:139: Using config file c:\Users\user\Documents\ss\.shipped\shipped.ini
TRACE 2016/03/25 15:07:49.287550 config.go:158: Also using home config file C:\Users\user\.shipped\shipped.ini
TRACE 2016/03/25 15:07:49.287550 projects.go:304: Changed to project 68d3ec16-f200-11e5-8e16-0242ac110240 directory c:\Users\user\Documents/ss
